19:49:39.404 INFO  tests.TestBase ******* Started method public void tests.LoginTests.loginPositiveTest(model.User)
19:49:39.406 INFO  manage.MyListener Start searching element by: By.xpath: //a[.=' Logout ']
19:49:49.473 INFO  manage.MyListener The element with locator By.xpath: //a[.=' Logout ']is found
19:49:49.475 INFO  manage.NGListener Start of test: loginPositiveTest
19:49:49.476 INFO  manage.MyListener Start searching element by: By.xpath: //a[.=' Log in ']
19:49:49.503 INFO  manage.MyListener The element with locator By.xpath: //a[.=' Log in ']is found
19:49:49.601 INFO  manage.MyListener Start searching element by: By.id: email
19:49:49.627 INFO  manage.MyListener The element with locator By.id: emailis found
19:49:49.862 INFO  manage.MyListener Start searching element by: By.id: password
19:49:49.891 INFO  manage.MyListener The element with locator By.id: passwordis found
19:49:50.080 INFO  manage.MyListener Start searching element by: By.xpath: //button[@type="submit"]
19:49:50.107 INFO  manage.MyListener The element with locator By.xpath: //button[@type="submit"]is found
19:49:50.159 INFO  manage.MyListener Start searching element by: By.xpath: //h2[.='Logged in success']
19:49:51.687 INFO  manage.MyListener The element with locator By.xpath: //h2[.='Logged in success']is found
19:49:51.744 INFO  manage.MyListener Start searching element by: By.xpath: //h2[.='Logged in success']
19:49:51.769 INFO  manage.MyListener The element with locator By.xpath: //h2[.='Logged in success']is found
19:49:51.792 INFO  manage.NGListener Test success: loginPositiveTest
19:49:51.794 INFO  manage.MyListener Start searching element by: By.xpath: //button[.='Ok']
19:49:51.822 INFO  manage.MyListener The element with locator By.xpath: //button[.='Ok']is found
19:49:51.822 INFO  manage.MyListener Start searching element by: By.xpath: //button[.='Ok']
19:49:51.850 INFO  manage.MyListener The element with locator By.xpath: //button[.='Ok']is found
19:49:51.916 INFO  tests.TestBase ******* Finish test
19:49:51.917 INFO  tests.TestBase ******* Started method public void tests.LoginTests.loginPositiveTest(model.User)
19:49:51.918 INFO  manage.MyListener Start searching element by: By.xpath: //a[.=' Logout ']
19:49:51.941 INFO  manage.MyListener The element with locator By.xpath: //a[.=' Logout ']is found
19:49:51.941 INFO  manage.MyListener Start searching element by: By.xpath: //a[.=' Logout ']
19:49:51.959 INFO  manage.MyListener The element with locator By.xpath: //a[.=' Logout ']is found
19:49:52.071 INFO  manage.NGListener Start of test: loginPositiveTest
19:49:52.073 INFO  manage.MyListener Start searching element by: By.xpath: //a[.=' Log in ']
19:49:52.100 INFO  manage.MyListener The element with locator By.xpath: //a[.=' Log in ']is found
19:49:52.181 INFO  manage.MyListener Start searching element by: By.id: email
19:49:52.207 INFO  manage.MyListener The element with locator By.id: emailis found
19:49:52.404 INFO  manage.MyListener Start searching element by: By.id: password
19:49:52.422 INFO  manage.MyListener The element with locator By.id: passwordis found
19:49:52.580 INFO  manage.MyListener Start searching element by: By.xpath: //button[@type="submit"]
19:49:52.593 INFO  manage.MyListener The element with locator By.xpath: //button[@type="submit"]is found
19:49:52.613 INFO  manage.MyListener Start searching element by: By.xpath: //h2[.='Logged in success']
19:49:52.903 INFO  manage.MyListener The element with locator By.xpath: //h2[.='Logged in success']is found
19:49:52.944 INFO  manage.MyListener Start searching element by: By.xpath: //h2[.='Logged in success']
19:49:52.969 INFO  manage.MyListener The element with locator By.xpath: //h2[.='Logged in success']is found
19:49:52.983 INFO  manage.NGListener Test success: loginPositiveTest
19:49:52.984 INFO  manage.MyListener Start searching element by: By.xpath: //button[.='Ok']
19:49:52.999 INFO  manage.MyListener The element with locator By.xpath: //button[.='Ok']is found
19:49:52.999 INFO  manage.MyListener Start searching element by: By.xpath: //button[.='Ok']
19:49:53.015 INFO  manage.MyListener The element with locator By.xpath: //button[.='Ok']is found
19:49:53.072 INFO  tests.TestBase ******* Finish test
19:49:53.073 INFO  tests.TestBase ******* Started method public void tests.LoginTests.loginPositiveTest(model.User)
19:49:53.074 INFO  manage.MyListener Start searching element by: By.xpath: //a[.=' Logout ']
19:49:53.095 INFO  manage.MyListener The element with locator By.xpath: //a[.=' Logout ']is found
19:49:53.095 INFO  manage.MyListener Start searching element by: By.xpath: //a[.=' Logout ']
19:49:53.126 INFO  manage.MyListener The element with locator By.xpath: //a[.=' Logout ']is found
19:49:53.214 INFO  manage.NGListener Start of test: loginPositiveTest
19:49:53.214 INFO  manage.MyListener Start searching element by: By.xpath: //a[.=' Log in ']
19:49:53.234 INFO  manage.MyListener The element with locator By.xpath: //a[.=' Log in ']is found
19:49:53.317 INFO  manage.MyListener Start searching element by: By.id: email
19:49:53.338 INFO  manage.MyListener The element with locator By.id: emailis found
19:49:53.559 INFO  manage.MyListener Start searching element by: By.id: password
19:49:53.585 INFO  manage.MyListener The element with locator By.id: passwordis found
19:49:53.748 INFO  manage.MyListener Start searching element by: By.xpath: //button[@type="submit"]
19:49:53.770 INFO  manage.MyListener The element with locator By.xpath: //button[@type="submit"]is found
19:49:53.786 INFO  manage.MyListener Start searching element by: By.xpath: //h2[.='Logged in success']
19:49:54.076 INFO  manage.MyListener The element with locator By.xpath: //h2[.='Logged in success']is found
19:49:54.116 INFO  manage.MyListener Start searching element by: By.xpath: //h2[.='Logged in success']
19:49:54.145 INFO  manage.MyListener The element with locator By.xpath: //h2[.='Logged in success']is found
19:49:54.161 INFO  manage.NGListener Test success: loginPositiveTest
19:49:54.163 INFO  manage.MyListener Start searching element by: By.xpath: //button[.='Ok']
19:49:54.190 INFO  manage.MyListener The element with locator By.xpath: //button[.='Ok']is found
19:49:54.191 INFO  manage.MyListener Start searching element by: By.xpath: //button[.='Ok']
19:49:54.222 INFO  manage.MyListener The element with locator By.xpath: //button[.='Ok']is found
19:49:54.297 INFO  tests.TestBase ******* Finish test
